# JRE version: OpenJDK Runtime Environment Temurin-17.0.5+8 (17.0.5+8) (build 17.0.5+8)
# Java VM: OpenJDK 64-Bit Server VM Temurin-17.0.5+8 (17.0.5+8, mixed mode, tiered, compressed oops, compressed class ptrs, parallel gc, windows-amd64)
GC Precious Log:
 CPUs: 12 total, 12 available
 Memory: 8143M
 Large Page Support: Disabled
 NUMA Support: Disabled
 Compressed Oops: Enabled (32-bit)
 Alignments: Space 512K, Generation 512K, Heap 2M
 Heap Min Capacity: 100M
 Heap Initial Capacity: 100M
 Heap Max Capacity: 1G
 Pre-touch: Disabled
 Parallel Workers: 10
Heap:
 PSYoungGen      total 51200K, used 15767K [0x00000000eab00000, 0x00000000ee580000, 0x0000000100000000)
  eden space 47104K, 25% used [0x00000000eab00000,0x00000000eb6dbf58,0x00000000ed900000)
  from space 4096K, 88% used [0x00000000ee180000,0x00000000ee50a000,0x00000000ee580000)
  to   space 4096K, 0% used [0x00000000edd80000,0x00000000edd80000,0x00000000ee180000)
 ParOldGen       total 307200K, used 234545K [0x00000000c0000000, 0x00000000d2c00000, 0x00000000eab00000)
  object space 307200K, 76% used [0x00000000c0000000,0x00000000ce50c458,0x00000000d2c00000)
 Metaspace       used 77959K, committed 79104K, reserved 1122304K
  class space    used 8109K, committed 8576K, reserved 1048576K
GC Heap History (20 events):
Event: 605.879 GC heap before
{Heap before GC invocations=102 (full 8):
 PSYoungGen      total 54784K, used 54145K [0x00000000eab00000, 0x00000000eee80000, 0x0000000100000000)
  eden space 53248K, 98% used [0x00000000eab00000,0x00000000ede64638,0x00000000edf00000)
  from space 1536K, 98% used [0x00000000eed00000,0x00000000eee7c000,0x00000000eee80000)
  to   space 7168K, 0% used [0x00000000ee080000,0x00000000ee080000,0x00000000ee780000)
 ParOldGen       total 307200K, used 225780K [0x00000000c0000000, 0x00000000d2c00000, 0x00000000eab00000)
  object space 307200K, 73% used [0x00000000c0000000,0x00000000cdc7d330,0x00000000d2c00000)
 Metaspace       used 77451K, committed 78592K, reserved 1122304K
  class space    used 8104K, committed 8576K, reserved 1048576K
}
Event: 605.883 GC heap after
{Heap after GC invocations=102 (full 8):
 PSYoungGen      total 59392K, used 2816K [0x00000000eab00000, 0x00000000eed80000, 0x0000000100000000)
  eden space 52224K, 0% used [0x00000000eab00000,0x00000000eab00000,0x00000000ede00000)
  from space 7168K, 39% used [0x00000000ee080000,0x00000000ee340010,0x00000000ee780000)
  to   space 4608K, 0% used [0x00000000ee900000,0x00000000ee900000,0x00000000eed80000)
 ParOldGen       total 307200K, used 225788K [0x00000000c0000000, 0x00000000d2c00000, 0x00000000eab00000)
  object space 307200K, 73% used [0x00000000c0000000,0x00000000cdc7f330,0x00000000d2c00000)
 Metaspace       used 77451K, committed 78592K, reserved 1122304K
  class space    used 8104K, committed 8576K, reserved 1048576K
}
Event: 608.744 GC heap before
{Heap before GC invocations=103 (full 8):
 PSYoungGen      total 59392K, used 55040K [0x00000000eab00000, 0x00000000eed80000, 0x0000000100000000)
  eden space 52224K, 100% used [0x00000000eab00000,0x00000000ede00000,0x00000000ede00000)
  from space 7168K, 39% used [0x00000000ee080000,0x00000000ee340010,0x00000000ee780000)
  to   space 4608K, 0% used [0x00000000ee900000,0x00000000ee900000,0x00000000eed80000)
 ParOldGen       total 307200K, used 225788K [0x00000000c0000000, 0x00000000d2c00000, 0x00000000eab00000)
  object space 307200K, 73% used [0x00000000c0000000,0x00000000cdc7f330,0x00000000d2c00000)
 Metaspace       used 77506K, committed 78656K, reserved 1122304K
  class space    used 8104K, committed 8576K, reserved 1048576K
}
Event: 608.746 GC heap after
{Heap after GC invocations=103 (full 8):
 PSYoungGen      total 53760K, used 2352K [0x00000000eab00000, 0x00000000eeb80000, 0x0000000100000000)
  eden space 51200K, 0% used [0x00000000eab00000,0x00000000eab00000,0x00000000edd00000)
  from space 2560K, 91% used [0x00000000ee900000,0x00000000eeb4c000,0x00000000eeb80000)
  to   space 3072K, 0% used [0x00000000ee580000,0x00000000ee580000,0x00000000ee880000)
 ParOldGen       total 307200K, used 225796K [0x00000000c0000000, 0x00000000d2c00000, 0x00000000eab00000)
  object space 307200K, 73% used [0x00000000c0000000,0x00000000cdc81330,0x00000000d2c00000)
 Metaspace       used 77506K, committed 78656K, reserved 1122304K
  class space    used 8104K, committed 8576K, reserved 1048576K
}
Event: 612.872 GC heap before
{Heap before GC invocations=104 (full 8):
 PSYoungGen      total 53760K, used 53551K [0x00000000eab00000, 0x00000000eeb80000, 0x0000000100000000)
  eden space 51200K, 99% used [0x00000000eab00000,0x00000000edcffff8,0x00000000edd00000)
  from space 2560K, 91% used [0x00000000ee900000,0x00000000eeb4c000,0x00000000eeb80000)
  to   space 3072K, 0% used [0x00000000ee580000,0x00000000ee580000,0x00000000ee880000)
 ParOldGen       total 307200K, used 225796K [0x00000000c0000000, 0x00000000d2c00000, 0x00000000eab00000)
  object space 307200K, 73% used [0x00000000c0000000,0x00000000cdc81330,0x00000000d2c00000)
 Metaspace       used 77578K, committed 78784K, reserved 1122304K
  class space    used 8106K, committed 8576K, reserved 1048576K
}
Event: 612.874 GC heap after
{Heap after GC invocations=104 (full 8):
 PSYoungGen      total 53760K, used 2640K [0x00000000eab00000, 0x00000000ee980000, 0x0000000100000000)
  eden space 50688K, 0% used [0x00000000eab00000,0x00000000eab00000,0x00000000edc80000)
  from space 3072K, 85% used [0x00000000ee580000,0x00000000ee814000,0x00000000ee880000)
  to   space 1024K, 0% used [0x00000000ee880000,0x00000000ee880000,0x00000000ee980000)
 ParOldGen       total 307200K, used 225892K [0x00000000c0000000, 0x00000000d2c00000, 0x00000000eab00000)
  object space 307200K, 73% used [0x00000000c0000000,0x00000000cdc99330,0x00000000d2c00000)
 Metaspace       used 77578K, committed 78784K, reserved 1122304K
  class space    used 8106K, committed 8576K, reserved 1048576K
}
Event: 615.590 GC heap before
{Heap before GC invocations=105 (full 8):
 PSYoungGen      total 53760K, used 53328K [0x00000000eab00000, 0x00000000ee980000, 0x0000000100000000)
  eden space 50688K, 100% used [0x00000000eab00000,0x00000000edc80000,0x00000000edc80000)
  from space 3072K, 85% used [0x00000000ee580000,0x00000000ee814000,0x00000000ee880000)
  to   space 1024K, 0% used [0x00000000ee880000,0x00000000ee880000,0x00000000ee980000)
 ParOldGen       total 307200K, used 225892K [0x00000000c0000000, 0x00000000d2c00000, 0x00000000eab00000)
  object space 307200K, 73% used [0x00000000c0000000,0x00000000cdc99330,0x00000000d2c00000)
 Metaspace       used 77609K, committed 78784K, reserved 1122304K
  class space    used 8106K, committed 8576K, reserved 1048576K
}
Event: 615.593 GC heap after
{Heap after GC invocations=105 (full 8):
 PSYoungGen      total 51200K, used 1000K [0x00000000eab00000, 0x00000000ee980000, 0x0000000100000000)
  eden space 50176K, 0% used [0x00000000eab00000,0x00000000eab00000,0x00000000edc00000)
  from space 1024K, 97% used [0x00000000ee880000,0x00000000ee97a000,0x00000000ee980000)
  to   space 4096K, 0% used [0x00000000ee180000,0x00000000ee180000,0x00000000ee580000)
 ParOldGen       total 307200K, used 228513K [0x00000000c0000000, 0x00000000d2c00000, 0x00000000eab00000)
  object space 307200K, 74% used [0x00000000c0000000,0x00000000cdf287e0,0x00000000d2c00000)
 Metaspace       used 77609K, committed 78784K, reserved 1122304K
  class space    used 8106K, committed 8576K, reserved 1048576K
}
Event: 616.822 GC heap before
{Heap before GC invocations=106 (full 8):
 PSYoungGen      total 51200K, used 50203K [0x00000000eab00000, 0x00000000ee980000, 0x0000000100000000)
  eden space 50176K, 98% used [0x00000000eab00000,0x00000000edb0ccf0,0x00000000edc00000)
  from space 1024K, 97% used [0x00000000ee880000,0x00000000ee97a000,0x00000000ee980000)
  to   space 4096K, 0% used [0x00000000ee180000,0x00000000ee180000,0x00000000ee580000)
 ParOldGen       total 307200K, used 228513K [0x00000000c0000000, 0x00000000d2c00000, 0x00000000eab00000)
  object space 307200K, 74% used [0x00000000c0000000,0x00000000cdf287e0,0x00000000d2c00000)
 Metaspace       used 77695K, committed 78848K, reserved 1122304K
  class space    used 8108K, committed 8576K, reserved 1048576K
}
Event: 616.824 GC heap after
{Heap after GC invocations=106 (full 8):
 PSYoungGen      total 53760K, used 1416K [0x00000000eab00000, 0x00000000ee900000, 0x0000000100000000)
  eden space 49664K, 0% used [0x00000000eab00000,0x00000000eab00000,0x00000000edb80000)
  from space 4096K, 34% used [0x00000000ee180000,0x00000000ee2e2000,0x00000000ee580000)
  to   space 2560K, 0% used [0x00000000ee680000,0x00000000ee680000,0x00000000ee900000)
 ParOldGen       total 307200K, used 228537K [0x00000000c0000000, 0x00000000d2c00000, 0x00000000eab00000)
  object space 307200K, 74% used [0x00000000c0000000,0x00000000cdf2e7e0,0x00000000d2c00000)
 Metaspace       used 77695K, committed 78848K, reserved 1122304K
  class space    used 8108K, committed 8576K, reserved 1048576K
}
Event: 618.281 GC heap before
{Heap before GC invocations=107 (full 8):
 PSYoungGen      total 53760K, used 51080K [0x00000000eab00000, 0x00000000ee900000, 0x0000000100000000)
  eden space 49664K, 100% used [0x00000000eab00000,0x00000000edb80000,0x00000000edb80000)
  from space 4096K, 34% used [0x00000000ee180000,0x00000000ee2e2000,0x00000000ee580000)
  to   space 2560K, 0% used [0x00000000ee680000,0x00000000ee680000,0x00000000ee900000)
 ParOldGen       total 307200K, used 228537K [0x00000000c0000000, 0x00000000d2c00000, 0x00000000eab00000)
  object space 307200K, 74% used [0x00000000c0000000,0x00000000cdf2e7e0,0x00000000d2c00000)
 Metaspace       used 77723K, committed 78848K, reserved 1122304K
  class space    used 8108K, committed 8576K, reserved 1048576K
}
Event: 618.282 GC heap after
{Heap after GC invocations=107 (full 8):
 PSYoungGen      total 51200K, used 1752K [0x00000000eab00000, 0x00000000ee880000, 0x0000000100000000)
  eden space 49152K, 0% used [0x00000000eab00000,0x00000000eab00000,0x00000000edb00000)
  from space 2048K, 85% used [0x00000000ee680000,0x00000000ee836010,0x00000000ee880000)
  to   space 2048K, 0% used [0x00000000ee480000,0x00000000ee480000,0x00000000ee680000)
 ParOldGen       total 307200K, used 228537K [0x00000000c0000000, 0x00000000d2c00000, 0x00000000eab00000)
  object space 307200K, 74% used [0x00000000c0000000,0x00000000cdf2e7e0,0x00000000d2c00000)
 Metaspace       used 77723K, committed 78848K, reserved 1122304K
  class space    used 8108K, committed 8576K, reserved 1048576K
}
Event: 622.107 GC heap before
{Heap before GC invocations=108 (full 8):
 PSYoungGen      total 51200K, used 50903K [0x00000000eab00000, 0x00000000ee880000, 0x0000000100000000)
  eden space 49152K, 99% used [0x00000000eab00000,0x00000000edaffec0,0x00000000edb00000)
  from space 2048K, 85% used [0x00000000ee680000,0x00000000ee836010,0x00000000ee880000)
  to   space 2048K, 0% used [0x00000000ee480000,0x00000000ee480000,0x00000000ee680000)
 ParOldGen       total 307200K, used 228537K [0x00000000c0000000, 0x00000000d2c00000, 0x00000000eab00000)
  object space 307200K, 74% used [0x00000000c0000000,0x00000000cdf2e7e0,0x00000000d2c00000)
 Metaspace       used 77795K, committed 78976K, reserved 1122304K
  class space    used 8108K, committed 8576K, reserved 1048576K
}
Event: 622.109 GC heap after
{Heap after GC invocations=108 (full 8):
 PSYoungGen      total 50176K, used 1496K [0x00000000eab00000, 0x00000000ee700000, 0x0000000100000000)
  eden space 48640K, 0% used [0x00000000eab00000,0x00000000eab00000,0x00000000eda80000)
  from space 1536K, 97% used [0x00000000ee480000,0x00000000ee5f6010,0x00000000ee600000)
  to   space 1024K, 0% used [0x00000000ee600000,0x00000000ee600000,0x00000000ee700000)
 ParOldGen       total 307200K, used 228940K [0x00000000c0000000, 0x00000000d2c00000, 0x00000000eab00000)
  object space 307200K, 74% used [0x00000000c0000000,0x00000000cdf930d8,0x00000000d2c00000)
 Metaspace       used 77795K, committed 78976K, reserved 1122304K
  class space    used 8108K, committed 8576K, reserved 1048576K
}
Event: 637.268 GC heap before
{Heap before GC invocations=109 (full 8):
 PSYoungGen      total 50176K, used 50136K [0x00000000eab00000, 0x00000000ee700000, 0x0000000100000000)
  eden space 48640K, 100% used [0x00000000eab00000,0x00000000eda80000,0x00000000eda80000)
  from space 1536K, 97% used [0x00000000ee480000,0x00000000ee5f6010,0x00000000ee600000)
  to   space 1024K, 0% used [0x00000000ee600000,0x00000000ee600000,0x00000000ee700000)
 ParOldGen       total 307200K, used 228940K [0x00000000c0000000, 0x00000000d2c00000, 0x00000000eab00000)
  object space 307200K, 74% used [0x00000000c0000000,0x00000000cdf930d8,0x00000000d2c00000)
 Metaspace       used 77866K, committed 79040K, reserved 1122304K
  class space    used 8108K, committed 8576K, reserved 1048576K
}
Event: 637.273 GC heap after
{Heap after GC invocations=109 (full 8):
 PSYoungGen      total 49152K, used 1000K [0x00000000eab00000, 0x00000000ee900000, 0x0000000100000000)
  eden space 48128K, 0% used [0x00000000eab00000,0x00000000eab00000,0x00000000eda00000)
  from space 1024K, 97% used [0x00000000ee600000,0x00000000ee6fa000,0x00000000ee700000)
  to   space 7680K, 0% used [0x00000000eda00000,0x00000000eda00000,0x00000000ee180000)
 ParOldGen       total 307200K, used 234497K [0x00000000c0000000, 0x00000000d2c00000, 0x00000000eab00000)
  object space 307200K, 76% used [0x00000000c0000000,0x00000000ce500458,0x00000000d2c00000)
 Metaspace       used 77866K, committed 79040K, reserved 1122304K
  class space    used 8108K, committed 8576K, reserved 1048576K
}
Event: 642.519 GC heap before
{Heap before GC invocations=110 (full 8):
 PSYoungGen      total 49152K, used 49128K [0x00000000eab00000, 0x00000000ee900000, 0x0000000100000000)
  eden space 48128K, 100% used [0x00000000eab00000,0x00000000eda00000,0x00000000eda00000)
  from space 1024K, 97% used [0x00000000ee600000,0x00000000ee6fa000,0x00000000ee700000)
  to   space 7680K, 0% used [0x00000000eda00000,0x00000000eda00000,0x00000000ee180000)
 ParOldGen       total 307200K, used 234497K [0x00000000c0000000, 0x00000000d2c00000, 0x00000000eab00000)
  object space 307200K, 76% used [0x00000000c0000000,0x00000000ce500458,0x00000000d2c00000)
 Metaspace       used 77877K, committed 79040K, reserved 1122304K
  class space    used 8108K, committed 8576K, reserved 1048576K
}
Event: 642.523 GC heap after
{Heap after GC invocations=110 (full 8):
 PSYoungGen      total 55296K, used 3880K [0x00000000eab00000, 0x00000000ee680000, 0x0000000100000000)
  eden space 47616K, 0% used [0x00000000eab00000,0x00000000eab00000,0x00000000ed980000)
  from space 7680K, 50% used [0x00000000eda00000,0x00000000eddca000,0x00000000ee180000)
  to   space 5120K, 0% used [0x00000000ee180000,0x00000000ee180000,0x00000000ee680000)
 ParOldGen       total 307200K, used 234537K [0x00000000c0000000, 0x00000000d2c00000, 0x00000000eab00000)
  object space 307200K, 76% used [0x00000000c0000000,0x00000000ce50a458,0x00000000d2c00000)
 Metaspace       used 77877K, committed 79040K, reserved 1122304K
  class space    used 8108K, committed 8576K, reserved 1048576K
}
Event: 646.604 GC heap before
{Heap before GC invocations=111 (full 8):
 PSYoungGen      total 55296K, used 51496K [0x00000000eab00000, 0x00000000ee680000, 0x0000000100000000)
  eden space 47616K, 100% used [0x00000000eab00000,0x00000000ed980000,0x00000000ed980000)
  from space 7680K, 50% used [0x00000000eda00000,0x00000000eddca000,0x00000000ee180000)
  to   space 5120K, 0% used [0x00000000ee180000,0x00000000ee180000,0x00000000ee680000)
 ParOldGen       total 307200K, used 234537K [0x00000000c0000000, 0x00000000d2c00000, 0x00000000eab00000)
  object space 307200K, 76% used [0x00000000c0000000,0x00000000ce50a458,0x00000000d2c00000)
 Metaspace       used 77946K, committed 79104K, reserved 1122304K
  class space    used 8109K, committed 8576K, reserved 1048576K
}
Event: 646.608 GC heap after
{Heap after GC invocations=111 (full 8):
 PSYoungGen      total 51200K, used 3624K [0x00000000eab00000, 0x00000000ee580000, 0x0000000100000000)
  eden space 47104K, 0% used [0x00000000eab00000,0x00000000eab00000,0x00000000ed900000)
  from space 4096K, 88% used [0x00000000ee180000,0x00000000ee50a000,0x00000000ee580000)
  to   space 4096K, 0% used [0x00000000edd80000,0x00000000edd80000,0x00000000ee180000)
 ParOldGen       total 307200K, used 234545K [0x00000000c0000000, 0x00000000d2c00000, 0x00000000eab00000)
  object space 307200K, 76% used [0x00000000c0000000,0x00000000ce50c458,0x00000000d2c00000)
 Metaspace       used 77946K, committed 79104K, reserved 1122304K
  class space    used 8109K, committed 8576K, reserved 1048576K
}

